2024-11-14 18:09:54 error : email is a required field 
2024-11-14 18:10:26 error : firstname is a required field 
2024-11-14 18:10:39 error : firstname is a required field 
2024-11-14 18:10:51 error : firstname is a required field 
2024-11-14 18:12:20 error : firstname is a required field 
2024-11-14 18:12:56 error : firstname is a required field 
2024-11-14 18:12:59 error : firstname is a required field 
2024-11-14 18:13:23 error : firstname is a required field 
2024-11-14 18:13:34 error : firstname is a required field 
2024-11-14 18:13:50 error : lastname is a required field 
2024-11-14 18:14:29 error : firstname is a required field 
2024-11-14 18:15:25 error : firstname is a required field 
2024-11-14 18:15:41 error : firstname is a required field 
2024-11-14 18:16:14 error : firstname is a required field 
2024-11-14 18:21:42 error : email must be a valid email 
2024-11-14 18:27:09 error : Authorization failed 
2024-12-31 09:43:12 error : firstname is a required field 
2024-12-31 09:43:23 error : firstname is a required field 
2024-12-31 09:43:29 error : firstname is a required field 
2024-12-31 09:43:36 error : firstname is a required field 
2024-12-31 09:43:40 error : firstname is a required field 
2024-12-31 09:49:08 error : Invalid login detail 
2024-12-31 09:49:58 error : lastname is a required field 
2024-12-31 09:51:52 error : Email already exists 
2024-12-31 09:52:55 error : email must be a valid email 
2024-12-31 09:54:32 error : Email already exists 
